<?xml version="1.0" encoding="UTF-8"?>
<testsuite xmlns:xsi="http://www.w3.org/2001/XMLSchema-instance" xsi:noNamespaceSchemaLocation="https://maven.apache.org/surefire/maven-surefire-plugin/xsd/surefire-test-report.xsd" version="3.0.2" name="dropwizard.kotlin.example.RootResourceTest" time="2.124" tests="1" errors="0" skipped="0" failures="0" flakes="0">
  <properties>
[...]
</properties>
  <testcase name="testDefaultResource" classname="dropwizard.kotlin.example.RootResourceTest" time="0.011">
    <system-out><![CDATA[INFO  [2026-02-26 19:30:46,586] io.dropwizard.core.server.DefaultServerFactory: Registering jersey handler with root path prefix: /
INFO  [2026-02-26 19:30:46,586] io.dropwizard.core.server.DefaultServerFactory: Registering admin handler with root path prefix: /
INFO  [2026-02-26 19:30:46,587] io.dropwizard.core.server.ServerFactory: Starting App
INFO  [2026-02-26 19:30:46,589] org.eclipse.jetty.setuid.SetUIDListener: Opened application@69eb544f{HTTP/1.1, (http/1.1)}{0.0.0.0:60387}
INFO  [2026-02-26 19:30:46,589] org.eclipse.jetty.setuid.SetUIDListener: Opened admin@7cb29ea8{HTTP/1.1, (http/1.1)}{0.0.0.0:60388}
INFO  [2026-02-26 19:30:46,589] org.eclipse.jetty.server.Server: jetty-12.1.5; built: 2025-12-03T22:18:24.732Z; git: 4905d09d7b6801e792d7b73946cf7b66e4be25d6; jvm 25.0.2+10-LTS
INFO  [2026-02-26 19:30:46,590] org.eclipse.jetty.server.handler.ContextHandler: Started idj.MutableServletContextHandler@2ba9f986{ROOT,/,b=null,a=AVAILABLE,h=idrl.LogbackAccessRequestLogAwareHandler@4aa3fc9a{STARTED}}
INFO  [2026-02-26 19:30:46,612] io.dropwizard.jersey.DropwizardResourceConfig: The following paths were found for the configured resources:

    GET     / (dropwizard.kotlin.example.resource.RootResource)
    GET     /build-info (dropwizard.kotlin.example.resource.BuildInfoResource)

INFO  [2026-02-26 19:30:46,612] org.eclipse.jetty.ee10.servlet.ServletContextHandler: Started idj.MutableServletContextHandler@2ba9f986{ROOT,/,b=null,a=AVAILABLE,h=idrl.LogbackAccessRequestLogAwareHandler@4aa3fc9a{STARTED}}
INFO  [2026-02-26 19:30:46,612] io.dropwizard.core.setup.AdminEnvironment: tasks = 

    POST    /tasks/log-level (io.dropwizard.servlets.tasks.LogConfigurationTask)
    POST    /tasks/gc (io.dropwizard.servlets.tasks.GarbageCollectionTask)

INFO  [2026-02-26 19:30:46,612] org.eclipse.jetty.server.handler.ContextHandler: Started idj.MutableServletContextHandler@47f2c722{ROOT,/,b=null,a=AVAILABLE,h=oeje10s.ServletHandler@52ca0ad4{STARTED}}
INFO  [2026-02-26 19:30:46,612] org.eclipse.jetty.ee10.servlet.ServletContextHandler: Started idj.MutableServletContextHandler@47f2c722{ROOT,/,b=null,a=AVAILABLE,h=oeje10s.ServletHandler@52ca0ad4{STARTED}}
06:30:46,613 |-INFO in LogbackAccessRequestLog - Found logback-access-jetty12 version 5.0.1
06:30:46,613 |-INFO in LogbackAccessRequestLog - Found logback-access-common version 2.0.9
06:30:46,613 |-WARN in LogbackAccessRequestLog - Versions of logback-access-common and logback-access-jetty12 are different!
06:30:46,613 |-INFO in LogbackAccessRequestLog - Found logback-core version 1.5.26
06:30:46,613 |-INFO in LogbackAccessRequestLog - Found logback-access-common version 2.0.9
06:30:46,613 |-WARN in LogbackAccessRequestLog - Expected version of logback-core is ? but found 1.5.26

INFO  [2026-02-26 19:30:46,613] org.eclipse.jetty.server.AbstractConnector: Started application@69eb544f{HTTP/1.1, (http/1.1)}{0.0.0.0:60387}
INFO  [2026-02-26 19:30:46,613] org.eclipse.jetty.server.AbstractConnector: Started admin@7cb29ea8{HTTP/1.1, (http/1.1)}{0.0.0.0:60388}
INFO  [2026-02-26 19:30:46,614] org.eclipse.jetty.server.Server: Started oejs.Server@6136e1fc{STARTING}[12.1.5,sto=30000] @24ms
127.0.0.1 - - [26/Feb/2026:19:30:46 +0000] "GET / HTTP/1.1" 200 110 "-" "Jersey/3.1.11 (HttpUrlConnection 25.0.2)" 3
]]></system-out>
  </testcase>
</testsuite>