<?xml version="1.0" encoding="UTF-8"?>
<testsuite xmlns:xsi="http://www.w3.org/2001/XMLSchema-instance" xsi:noNamespaceSchemaLocation="https://maven.apache.org/surefire/maven-surefire-plugin/xsd/surefire-test-report.xsd" version="3.0.2" name="dropwizard.kotlin.example.BuildInfoResourceTest" time="2.802" tests="1" errors="0" skipped="0" failures="0" flakes="0">
  <properties>
[...]
</properties>
  <testcase name="testBuildInfo" classname="dropwizard.kotlin.example.BuildInfoResourceTest" time="0.097">
    <system-out><![CDATA[INFO  [2026-02-26 19:30:44,176] io.dropwizard.core.server.DefaultServerFactory: Registering jersey handler with root path prefix: /
INFO  [2026-02-26 19:30:44,177] io.dropwizard.core.server.DefaultServerFactory: Registering admin handler with root path prefix: /
INFO  [2026-02-26 19:30:44,198] io.dropwizard.core.server.ServerFactory: Starting App
INFO  [2026-02-26 19:30:44,230] org.eclipse.jetty.setuid.SetUIDListener: Opened application@52d6d273{HTTP/1.1, (http/1.1)}{0.0.0.0:60384}
INFO  [2026-02-26 19:30:44,231] org.eclipse.jetty.setuid.SetUIDListener: Opened admin@4667c4c1{HTTP/1.1, (http/1.1)}{0.0.0.0:60385}
INFO  [2026-02-26 19:30:44,232] org.eclipse.jetty.server.Server: jetty-12.1.5; built: 2025-12-03T22:18:24.732Z; git: 4905d09d7b6801e792d7b73946cf7b66e4be25d6; jvm 25.0.2+10-LTS
INFO  [2026-02-26 19:30:44,234] org.eclipse.jetty.server.handler.ContextHandler: Started idj.MutableServletContextHandler@22d9bc14{ROOT,/,b=null,a=AVAILABLE,h=idrl.LogbackAccessRequestLogAwareHandler@346f41a9{STARTED}}
INFO  [2026-02-26 19:30:44,395] io.dropwizard.jersey.DropwizardResourceConfig: The following paths were found for the configured resources:

    GET     / (dropwizard.kotlin.example.resource.RootResource)
    GET     /build-info (dropwizard.kotlin.example.resource.BuildInfoResource)

INFO  [2026-02-26 19:30:44,396] org.eclipse.jetty.ee10.servlet.ServletContextHandler: Started idj.MutableServletContextHandler@22d9bc14{ROOT,/,b=null,a=AVAILABLE,h=idrl.LogbackAccessRequestLogAwareHandler@346f41a9{STARTED}}
INFO  [2026-02-26 19:30:44,397] io.dropwizard.core.setup.AdminEnvironment: tasks = 

    POST    /tasks/log-level (io.dropwizard.servlets.tasks.LogConfigurationTask)
    POST    /tasks/gc (io.dropwizard.servlets.tasks.GarbageCollectionTask)

INFO  [2026-02-26 19:30:44,397] org.eclipse.jetty.server.handler.ContextHandler: Started idj.MutableServletContextHandler@5ec9eefa{ROOT,/,b=null,a=AVAILABLE,h=oeje10s.ServletHandler@28b8f98a{STARTED}}
INFO  [2026-02-26 19:30:44,397] org.eclipse.jetty.ee10.servlet.ServletContextHandler: Started idj.MutableServletContextHandler@5ec9eefa{ROOT,/,b=null,a=AVAILABLE,h=oeje10s.ServletHandler@28b8f98a{STARTED}}
06:30:44,398 |-INFO in LogbackAccessRequestLog - Found logback-access-jetty12 version 5.0.1
06:30:44,398 |-INFO in LogbackAccessRequestLog - Found logback-access-common version 2.0.9
06:30:44,398 |-WARN in LogbackAccessRequestLog - Versions of logback-access-common and logback-access-jetty12 are different!
06:30:44,398 |-INFO in LogbackAccessRequestLog - Found logback-core version 1.5.26
06:30:44,398 |-INFO in LogbackAccessRequestLog - Found logback-access-common version 2.0.9
06:30:44,398 |-WARN in LogbackAccessRequestLog - Expected version of logback-core is ? but found 1.5.26

INFO  [2026-02-26 19:30:44,401] org.eclipse.jetty.server.AbstractConnector: Started application@52d6d273{HTTP/1.1, (http/1.1)}{0.0.0.0:60384}
INFO  [2026-02-26 19:30:44,401] org.eclipse.jetty.server.AbstractConnector: Started admin@4667c4c1{HTTP/1.1, (http/1.1)}{0.0.0.0:60385}
INFO  [2026-02-26 19:30:44,402] org.eclipse.jetty.server.Server: Started oejs.Server@46468f0{STARTING}[12.1.5,sto=30000] @170ms
127.0.0.1 - - [26/Feb/2026:19:30:44 +0000] "GET /build-info HTTP/1.1" 200 120 "-" "Jersey/3.1.11 (HttpUrlConnection 25.0.2)" 34
]]></system-out>
  </testcase>
</testsuite>